\BOOKMARK [1][-]{section.1}{\376\377\000P\000a\000c\000k\000a\000g\000e\000\040\000O\000v\000e\000r\000v\000i\000e\000w}{}% 1
\BOOKMARK [1][-]{section.2}{\376\377\000P\000a\000c\000k\000a\000g\000e\000\040\000S\000t\000r\000u\000c\000t\000u\000r\000e}{}% 2
\BOOKMARK [2][-]{subsection.2.1}{\376\377\000M\000o\000d\000u\000l\000a\000r\000\040\000O\000r\000g\000a\000n\000i\000z\000a\000t\000i\000o\000n}{section.2}% 3
\BOOKMARK [2][-]{subsection.2.2}{\376\377\000D\000e\000p\000e\000n\000d\000e\000n\000c\000y\000\040\000C\000h\000a\000i\000n}{section.2}% 4
\BOOKMARK [1][-]{section.3}{\376\377\000F\000u\000n\000d\000a\000m\000e\000n\000t\000a\000l\000\040\000F\000u\000n\000c\000t\000i\000o\000n\000s\000\040\000R\000e\000f\000e\000r\000e\000n\000c\000e}{}% 5
\BOOKMARK [2][-]{subsection.3.1}{\376\377\000C\000o\000r\000e\000\040\000F\000u\000n\000c\000t\000i\000o\000n\000s\000\040\000\050\000E\000p\000i\000d\000C\000R\000N\000`\000C\000o\000r\000e\000`\000\051}{section.3}% 6
\BOOKMARK [3][-]{subsubsection.3.1.1}{\376\377\000e\000x\000t\000M\000a\000t\000[\000r\000e\000a\000c\000t\000i\000o\000n\000s\000]}{subsection.3.1}% 7
\BOOKMARK [3][-]{subsubsection.3.1.2}{\376\377\000a\000s\000o\000R\000e\000a\000[\000R\000N\000]}{subsection.3.1}% 8
\BOOKMARK [3][-]{subsubsection.3.1.3}{\376\377\000c\000o\000m\000p\000T\000o\000A\000s\000s\000o\000[\000s\000i\000d\000e\000]}{subsection.3.1}% 9
\BOOKMARK [3][-]{subsubsection.3.1.4}{\376\377\000e\000x\000t\000S\000p\000e\000[\000r\000e\000a\000c\000t\000i\000o\000n\000s\000]}{subsection.3.1}% 10
\BOOKMARK [2][-]{subsection.3.2}{\376\377\000S\000i\000p\000h\000o\000n\000\040\000A\000n\000a\000l\000y\000s\000i\000s\000\040\000\050\000E\000p\000i\000d\000C\000R\000N\000`\000S\000i\000p\000h\000o\000n\000s\000`\000\051}{section.3}% 11
\BOOKMARK [3][-]{subsubsection.3.2.1}{\376\377\000m\000i\000n\000S\000i\000p\000h\000[\000s\000p\000e\000c\000i\000e\000s\000,\000\040\000a\000s\000o\000R\000e\000a\000c\000t\000i\000o\000n\000s\000]}{subsection.3.2}% 12
\BOOKMARK [2][-]{subsection.3.3}{\376\377\000C\000R\000N\000T\000\040\000F\000u\000n\000c\000t\000i\000o\000n\000s\000\040\000\050\000E\000p\000i\000d\000C\000R\000N\000`\000C\000R\000N\000T\000`\000\051}{section.3}% 13
\BOOKMARK [3][-]{subsubsection.3.3.1}{\376\377\000g\000e\000t\000C\000o\000m\000E\000[\000R\000N\000\137\000L\000i\000s\000t\000]}{subsection.3.3}% 14
\BOOKMARK [3][-]{subsubsection.3.3.2}{\376\377\000I\000a\000F\000H\000J\000[\000v\000e\000r\000t\000\137\000,\000\040\000e\000d\000g\000\137\000]}{subsection.3.3}% 15
\BOOKMARK [3][-]{subsubsection.3.3.3}{\376\377\000I\000k\000F\000H\000J\000[\000v\000e\000r\000t\000\137\000,\000\040\000e\000d\000g\000\137\000,\000\040\000t\000k\000\137\000]}{subsection.3.3}% 16
\BOOKMARK [3][-]{subsubsection.3.3.4}{\376\377\000S\000p\000e\000C\000o\000m\000I\000n\000c\000[\000s\000p\000e\000c\000\137\000,\000\040\000c\000o\000m\000p\000\137\000]}{subsection.3.3}% 17
\BOOKMARK [3][-]{subsubsection.3.3.5}{\376\377\000l\000a\000p\000K\000[\000R\000N\000\137\000,\000\040\000r\000a\000t\000e\000s\000\137\000]}{subsection.3.3}% 18
\BOOKMARK [1][-]{section.4}{\376\377\000B\000o\000u\000n\000d\000a\000r\000y\000\040\000A\000n\000a\000l\000y\000s\000i\000s\000\040\000F\000u\000n\000c\000t\000i\000o\000n\000s}{}% 19
\BOOKMARK [2][-]{subsection.4.1}{\376\377\000N\000G\000M\000[\000m\000o\000d\000,\000\040\000i\000n\000f\000]}{section.4}% 20
\BOOKMARK [2][-]{subsection.4.2}{\376\377\000C\000u\000r\000r\000e\000n\000t\000\040\000S\000e\000s\000s\000i\000o\000n\000\040\000W\000o\000r\000k\000:\000\040\000E\000n\000h\000a\000n\000c\000e\000d\000\040\000B\000o\000u\000n\000d\000a\000r\000y\000\040\000A\000n\000a\000l\000y\000s\000i\000s\000\040\000M\000o\000d\000u\000l\000e\000s}{section.4}% 21
\BOOKMARK [3][-]{subsubsection.4.2.1}{\376\377\000b\000d\000A\000n\000[\000R\000N\000,\000\040\000r\000t\000s\000]\000\040\000-\000\040\000S\000i\000m\000p\000l\000i\000f\000i\000e\000d\000\040\000A\000n\000a\000l\000y\000s\000i\000s\000\040\000M\000o\000d\000u\000l\000e}{subsection.4.2}% 22
\BOOKMARK [1][-]{section.5}{\376\377\000b\000d\000F\000p\000\040\000M\000o\000d\000u\000l\000e\000\040\000U\000s\000a\000g\000e\000\040\000G\000u\000i\000d\000e}{}% 23
\BOOKMARK [2][-]{subsection.5.1}{\376\377\000P\000u\000r\000p\000o\000s\000e}{section.5}% 24
\BOOKMARK [2][-]{subsection.5.2}{\376\377\000S\000y\000n\000t\000a\000x}{section.5}% 25
\BOOKMARK [2][-]{subsection.5.3}{\376\377\000P\000a\000r\000a\000m\000e\000t\000e\000r\000s}{section.5}% 26
\BOOKMARK [3][-]{subsubsection.5.3.1}{\376\377\000R\000e\000q\000u\000i\000r\000e\000d\000\040\000I\000n\000p\000u\000t\000s}{subsection.5.3}% 27
\BOOKMARK [2][-]{subsection.5.4}{\376\377\000O\000u\000t\000p\000u\000t\000\040\000F\000o\000r\000m\000a\000t}{section.5}% 28
\BOOKMARK [3][-]{subsubsection.5.4.1}{\376\377\000O\000u\000t\000p\000u\000t\000\040\000C\000o\000m\000p\000o\000n\000e\000n\000t\000s}{subsection.5.4}% 29
\BOOKMARK [2][-]{subsection.5.5}{\376\377\000E\000x\000a\000m\000p\000l\000e\000\040\000U\000s\000a\000g\000e}{section.5}% 30
\BOOKMARK [3][-]{subsubsection.5.5.1}{\376\377\000B\000a\000s\000i\000c\000\040\000U\000s\000a\000g\000e}{subsection.5.5}% 31
\BOOKMARK [3][-]{subsubsection.5.5.2}{\376\377\000A\000c\000c\000e\000s\000s\000i\000n\000g\000\040\000R\000e\000s\000u\000l\000t\000s}{subsection.5.5}% 32
\BOOKMARK [2][-]{subsection.5.6}{\376\377\000E\000x\000a\000m\000p\000l\000e\000\040\000O\000u\000t\000p\000u\000t}{section.5}% 33
\BOOKMARK [3][-]{subsubsection.5.6.1}{\376\377\000C\000o\000n\000s\000o\000l\000e\000\040\000O\000u\000t\000p\000u\000t}{subsection.5.6}% 34
\BOOKMARK [3][-]{subsubsection.5.6.2}{\376\377\000R\000e\000t\000u\000r\000n\000\040\000V\000a\000l\000u\000e}{subsection.5.6}% 35
\BOOKMARK [2][-]{subsection.5.7}{\376\377\000I\000n\000t\000e\000r\000p\000r\000e\000t\000a\000t\000i\000o\000n\000\040\000G\000u\000i\000d\000e}{section.5}% 36
\BOOKMARK [3][-]{subsubsection.5.7.1}{\376\377\000R\000a\000t\000i\000o\000n\000a\000l\000\040\000S\000o\000l\000u\000t\000i\000o\000n\000s}{subsection.5.7}% 37
\BOOKMARK [3][-]{subsubsection.5.7.2}{\376\377\000S\000c\000a\000l\000a\000r\000\040\000E\000q\000u\000a\000t\000i\000o\000n\000s}{subsection.5.7}% 38
\BOOKMARK [3][-]{subsubsection.5.7.3}{\376\377\000S\000p\000e\000c\000i\000a\000l\000\040\000C\000a\000s\000e\000s}{subsection.5.7}% 39
\BOOKMARK [2][-]{subsection.5.8}{\376\377\000C\000o\000m\000m\000o\000n\000\040\000W\000o\000r\000k\000f\000l\000o\000w}{section.5}% 40
\BOOKMARK [2][-]{subsection.5.9}{\376\377\000E\000r\000r\000o\000r\000\040\000H\000a\000n\000d\000l\000i\000n\000g}{section.5}% 41
\BOOKMARK [3][-]{subsubsection.5.9.1}{\376\377\000T\000i\000m\000e\000o\000u\000t\000\040\000P\000r\000o\000t\000e\000c\000t\000i\000o\000n}{subsection.5.9}% 42
\BOOKMARK [3][-]{subsubsection.5.9.2}{\376\377\000C\000o\000m\000m\000o\000n\000\040\000I\000s\000s\000u\000e\000s}{subsection.5.9}% 43
\BOOKMARK [2][-]{subsection.5.10}{\376\377\000I\000n\000t\000e\000g\000r\000a\000t\000i\000o\000n\000\040\000w\000i\000t\000h\000\040\000b\000d\000A\000n\000/\000b\000d\0002}{section.5}% 44
\BOOKMARK [3][-]{subsubsection.5.10.1}{\376\377\000W\000i\000t\000h\000\040\000b\000d\000A\000n\000\040\000\050\000C\000o\000r\000e\000\040\000A\000n\000a\000l\000y\000s\000i\000s\000\051}{subsection.5.10}% 45
\BOOKMARK [3][-]{subsubsection.5.10.2}{\376\377\000W\000i\000t\000h\000\040\000b\000d\0002\000\040\000\050\000C\000o\000m\000p\000l\000e\000t\000e\000\040\000A\000n\000a\000l\000y\000s\000i\000s\000\051}{subsection.5.10}% 46
\BOOKMARK [2][-]{subsection.5.11}{\376\377\000P\000e\000r\000f\000o\000r\000m\000a\000n\000c\000e\000\040\000N\000o\000t\000e\000s}{section.5}% 47
\BOOKMARK [3][-]{subsubsection.5.11.1}{\376\377\000W\000i\000t\000h\000\040\000b\000d\0002\000\040\000\050\000C\000o\000m\000p\000l\000e\000t\000e\000\040\000A\000n\000a\000l\000y\000s\000i\000s\000\051}{subsection.5.11}% 48
\BOOKMARK [2][-]{subsection.5.12}{\376\377\000P\000e\000r\000f\000o\000r\000m\000a\000n\000c\000e\000\040\000N\000o\000t\000e\000s}{section.5}% 49
\BOOKMARK [3][-]{subsubsection.5.12.1}{\376\377\000b\000d\0002\000[\000R\000N\000,\000\040\000r\000t\000s\000]\000\040\000-\000\040\000C\000o\000m\000p\000l\000e\000t\000e\000\040\000A\000n\000a\000l\000y\000s\000i\000s\000\040\000M\000o\000d\000u\000l\000e}{subsection.5.12}% 50
\BOOKMARK [1][-]{section.6}{\376\377\000I\000n\000v\000a\000s\000i\000o\000n\000\040\000G\000r\000a\000p\000h\000\040\000T\000h\000e\000o\000r\000y\000\040\000I\000m\000p\000l\000e\000m\000e\000n\000t\000a\000t\000i\000o\000n}{}% 51
\BOOKMARK [2][-]{subsection.6.1}{\376\377\000T\000h\000e\000o\000r\000e\000t\000i\000c\000a\000l\000\040\000F\000o\000u\000n\000d\000a\000t\000i\000o\000n}{section.6}% 52
\BOOKMARK [2][-]{subsection.6.2}{\376\377\000K\000e\000y\000\040\000D\000e\000f\000i\000n\000i\000t\000i\000o\000n\000s}{section.6}% 53
\BOOKMARK [3][-]{subsubsection.6.2.1}{\376\377\000A\000d\000m\000i\000s\000s\000i\000b\000l\000e\000\040\000C\000o\000m\000m\000u\000n\000i\000t\000i\000e\000s}{subsection.6.2}% 54
\BOOKMARK [3][-]{subsubsection.6.2.2}{\376\377\000I\000n\000v\000a\000s\000i\000o\000n\000\040\000R\000a\000t\000e\000s}{subsection.6.2}% 55
\BOOKMARK [3][-]{subsubsection.6.2.3}{\376\377\000I\000n\000v\000a\000s\000i\000o\000n\000\040\000N\000u\000m\000b\000e\000r\000s\000\040\000\050\000E\000p\000i\000d\000e\000m\000i\000c\000\040\000C\000o\000n\000t\000e\000x\000t\000\051}{subsection.6.2}% 56
\BOOKMARK [2][-]{subsection.6.3}{\376\377\000E\000q\000u\000i\000v\000a\000l\000e\000n\000c\000e\000\040\000T\000h\000e\000o\000r\000e\000m}{section.6}% 57
\BOOKMARK [2][-]{subsection.6.4}{\376\377\000I\000m\000p\000l\000e\000m\000e\000n\000t\000a\000t\000i\000o\000n\000\040\000A\000l\000g\000o\000r\000i\000t\000h\000m}{section.6}% 58
\BOOKMARK [2][-]{subsection.6.5}{\376\377\000R\000a\000h\000m\000a\000n\000\040\000M\000o\000d\000e\000l\000\040\000I\000m\000p\000l\000e\000m\000e\000n\000t\000a\000t\000i\000o\000n}{section.6}% 59
\BOOKMARK [1][-]{section.7}{\376\377\000B\000i\000f\000u\000r\000c\000a\000t\000i\000o\000n\000\040\000A\000n\000a\000l\000y\000s\000i\000s\000\040\000F\000u\000n\000c\000t\000i\000o\000n\000s}{}% 60
\BOOKMARK [2][-]{subsection.7.1}{\376\377\000f\000p\000H\000o\000p\000f\000[\000R\000H\000S\000,\000\040\000v\000a\000r\000,\000\040\000p\000a\000r\000,\000\040\000p\0000\000v\000a\000l\000]}{section.7}% 61
\BOOKMARK [2][-]{subsection.7.2}{\376\377\000P\000a\000r\000a\000m\000e\000t\000e\000r\000\040\000S\000p\000a\000c\000e\000\040\000S\000c\000a\000n\000n\000i\000n\000g\000\040\000F\000u\000n\000c\000t\000i\000o\000n\000s}{section.7}% 62
\BOOKMARK [3][-]{subsubsection.7.2.1}{\376\377\000s\000c\000a\000n\000\040\000F\000u\000n\000c\000t\000i\000o\000n}{subsection.7.2}% 63
\BOOKMARK [3][-]{subsubsection.7.2.2}{\376\377\000s\000c\000a\000n\000P\000a\000r\000\040\000F\000u\000n\000c\000t\000i\000o\000n}{subsection.7.2}% 64
\BOOKMARK [1][-]{section.8}{\376\377\000C\000r\000i\000t\000i\000c\000a\000l\000\040\000U\000s\000a\000g\000e\000\040\000N\000o\000t\000e\000s}{}% 65
\BOOKMARK [2][-]{subsection.8.1}{\376\377\000M\000a\000t\000r\000i\000x\000\040\000C\000o\000n\000v\000e\000n\000t\000i\000o\000n\000s}{section.8}% 66
\BOOKMARK [2][-]{subsection.8.2}{\376\377\000F\000u\000n\000c\000t\000i\000o\000n\000\040\000C\000o\000m\000p\000a\000t\000i\000b\000i\000l\000i\000t\000y}{section.8}% 67
\BOOKMARK [1][-]{section.9}{\376\377\000C\000o\000m\000p\000l\000e\000t\000e\000\040\000A\000n\000a\000l\000y\000s\000i\000s\000\040\000W\000o\000r\000k\000f\000l\000o\000w}{}% 68
\BOOKMARK [1][-]{section.10}{\376\377\000F\000i\000l\000e\000\040\000S\000t\000r\000u\000c\000t\000u\000r\000e}{}% 69
\BOOKMARK [1][-]{section.11}{\376\377\000N\000o\000t\000e\000s\000\040\000f\000o\000r\000\040\000F\000u\000t\000u\000r\000e\000\040\000D\000e\000v\000e\000l\000o\000p\000m\000e\000n\000t}{}% 70
